Started Task: 1
Longest sentence length 7
Longest story length 10
Average story length 6
[[ 8 17 16 15  6  0 21]
 [11  9 16 15  2  0 20]
 [ 0  0  0  0  0  0  0]
 [ 0  0  0  0  0  0  0]
 [ 0  0  0  0  0  0  0]
 [ 0  0  0  0  0  0  0]
 [ 0  0  0  0  0  0  0]
 [ 0  0  0  0  0  0  0]
 [ 0  0  0  0  0  0  0]
 [ 0  0  0  0  0  0  0]]
Training set shape (9000, 10, 7)
Training Size 9000
Validation Size 1000
Testing Size 1000
-----------------------
Epoch 10
Total Cost: 0.535872599343
Training Accuracy: 1.0
Validation Accuracy: 1.0
-----------------------
-----------------------
Epoch 20
Total Cost: 0.252023006207
Training Accuracy: 1.0
Validation Accuracy: 1.0
-----------------------
-----------------------
Epoch 30
Total Cost: 0.178010711039
Training Accuracy: 1.0
Validation Accuracy: 1.0
-----------------------
-----------------------
Epoch 40
Total Cost: 0.149217302795
Training Accuracy: 1.0
Validation Accuracy: 1.0
-----------------------
-----------------------
Epoch 50
Total Cost: 0.128233090771
Training Accuracy: 1.0
Validation Accuracy: 1.0
-----------------------
-----------------------
Epoch 60
Total Cost: 0.119504841627
Training Accuracy: 1.0
Validation Accuracy: 1.0
-----------------------
-----------------------
Epoch 70
Total Cost: 0.1120876926
Training Accuracy: 1.0
Validation Accuracy: 1.0
-----------------------
-----------------------
Epoch 80
Total Cost: 0.106925761997
Training Accuracy: 1.0
Validation Accuracy: 1.0
-----------------------
-----------------------
Epoch 90
Total Cost: 0.103866366771
Training Accuracy: 1.0
Validation Accuracy: 1.0
-----------------------
-----------------------
Epoch 100
Total Cost: 0.101040489186
Training Accuracy: 1.0
Validation Accuracy: 1.0
-----------------------
Testing Accuracy: 1.0
Started Task: 1
Longest sentence length 7
Longest story length 10
Average story length 6
[[ 8 17 16 15  6  0 21]
 [11  9 16 15  2  0 20]
 [ 0  0  0  0  0  0  0]
 [ 0  0  0  0  0  0  0]
 [ 0  0  0  0  0  0  0]
 [ 0  0  0  0  0  0  0]
 [ 0  0  0  0  0  0  0]
 [ 0  0  0  0  0  0  0]
 [ 0  0  0  0  0  0  0]
 [ 0  0  0  0  0  0  0]]
Training set shape (9000, 10, 7)
Training Size 9000
Validation Size 1000
Testing Size 1000
-----------------------
Epoch 10
Total Cost: 0.502815147105
Training Accuracy: 1.0
Validation Accuracy: 1.0
-----------------------
-----------------------
Epoch 20
Total Cost: 0.235668503738
Training Accuracy: 1.0
Validation Accuracy: 1.0
-----------------------
-----------------------
Epoch 30
Total Cost: 0.166344503989
Training Accuracy: 1.0
Validation Accuracy: 1.0
-----------------------
-----------------------
Epoch 40
Total Cost: 0.139465030254
Training Accuracy: 1.0
Validation Accuracy: 1.0
-----------------------
-----------------------
Epoch 50
Total Cost: 0.119938266231
Training Accuracy: 1.0
Validation Accuracy: 1.0
-----------------------
-----------------------
Epoch 60
Total Cost: 0.111771811891
Training Accuracy: 1.0
Validation Accuracy: 1.0
-----------------------
-----------------------
Epoch 70
Total Cost: 0.104966615647
Training Accuracy: 1.0
Validation Accuracy: 1.0
-----------------------
-----------------------
Epoch 80
Total Cost: 0.100238160769
Training Accuracy: 1.0
Validation Accuracy: 1.0
-----------------------
-----------------------
Epoch 90
Total Cost: 0.0972783255856
Training Accuracy: 1.0
Validation Accuracy: 1.0
-----------------------
-----------------------
Epoch 100
Total Cost: 0.0945875303005
Training Accuracy: 1.0
Validation Accuracy: 1.0
-----------------------
Testing Accuracy: 1.0
Started Task: 1
Longest sentence length 7
Longest story length 10
Average story length 6
[[ 8 17 16 15  6  0 21]
 [11  9 16 15  2  0 20]
 [ 0  0  0  0  0  0  0]
 [ 0  0  0  0  0  0  0]
 [ 0  0  0  0  0  0  0]
 [ 0  0  0  0  0  0  0]
 [ 0  0  0  0  0  0  0]
 [ 0  0  0  0  0  0  0]
 [ 0  0  0  0  0  0  0]
 [ 0  0  0  0  0  0  0]]
Training set shape (9000, 10, 7)
Training Size 9000
Validation Size 1000
Testing Size 1000
-----------------------
Epoch 10
Total Cost: 0.510757461714
Training Accuracy: 1.0
Validation Accuracy: 1.0
-----------------------
-----------------------
Epoch 20
Total Cost: 0.234776523313
Training Accuracy: 1.0
Validation Accuracy: 1.0
-----------------------
-----------------------
Epoch 30
Total Cost: 0.164101831266
Training Accuracy: 1.0
Validation Accuracy: 1.0
-----------------------
-----------------------
Epoch 40
Total Cost: 0.137152575713
Training Accuracy: 1.0
Validation Accuracy: 1.0
-----------------------
-----------------------
Epoch 50
Total Cost: 0.117868554735
Training Accuracy: 1.0
Validation Accuracy: 1.0
-----------------------
-----------------------
Epoch 60
Total Cost: 0.109663540352
Training Accuracy: 1.0
Validation Accuracy: 1.0
-----------------------
-----------------------
Epoch 70
Total Cost: 0.102755431231
Training Accuracy: 1.0
Validation Accuracy: 1.0
-----------------------
-----------------------
Epoch 80
Total Cost: 0.0979468495352
Training Accuracy: 1.0
Validation Accuracy: 1.0
-----------------------
-----------------------
Epoch 90
Total Cost: 0.0950731859048
Training Accuracy: 1.0
Validation Accuracy: 1.0
-----------------------
-----------------------
Epoch 100
Total Cost: 0.0923937017506
Training Accuracy: 1.0
Validation Accuracy: 1.0
-----------------------
Testing Accuracy: 1.0
Started Task: 1
Longest sentence length 7
Longest story length 10
Average story length 6
[[ 8 17 16 15  6  0 21]
 [11  9 16 15  2  0 20]
 [ 0  0  0  0  0  0  0]
 [ 0  0  0  0  0  0  0]
 [ 0  0  0  0  0  0  0]
 [ 0  0  0  0  0  0  0]
 [ 0  0  0  0  0  0  0]
 [ 0  0  0  0  0  0  0]
 [ 0  0  0  0  0  0  0]
 [ 0  0  0  0  0  0  0]]
Training set shape (9000, 10, 7)
Training Size 9000
Validation Size 1000
Testing Size 1000
-----------------------
Epoch 10
Total Cost: 0.433823232888
Training Accuracy: 1.0
Validation Accuracy: 1.0
-----------------------
-----------------------
Epoch 20
Total Cost: 0.202040459495
Training Accuracy: 1.0
Validation Accuracy: 1.0
-----------------------
-----------------------
Epoch 30
Total Cost: 0.142441995791
Training Accuracy: 1.0
Validation Accuracy: 1.0
-----------------------
-----------------------
Epoch 40
Total Cost: 0.11948342812
Training Accuracy: 1.0
Validation Accuracy: 1.0
-----------------------
-----------------------
Epoch 50
Total Cost: 0.102823176072
Training Accuracy: 1.0
Validation Accuracy: 1.0
-----------------------
-----------------------
Epoch 60
Total Cost: 0.0957891890575
Training Accuracy: 1.0
Validation Accuracy: 1.0
-----------------------
-----------------------
Epoch 70
Total Cost: 0.0899283598847
Training Accuracy: 1.0
Validation Accuracy: 1.0
-----------------------
-----------------------
Epoch 80
Total Cost: 0.085859243758
Training Accuracy: 1.0
Validation Accuracy: 1.0
-----------------------
-----------------------
Epoch 90
Total Cost: 0.0834285708552
Training Accuracy: 1.0
Validation Accuracy: 1.0
-----------------------
-----------------------
Epoch 100
Total Cost: 0.0811252035346
Training Accuracy: 1.0
Validation Accuracy: 1.0
-----------------------
Testing Accuracy: 1.0
Started Task: 1
Longest sentence length 6
Longest story length 13
Average story length 10
[[26 21 29 18 32 71]
 [32 21 59 18 13 70]
 [32 21 59 18 13 69]
 [13 21 50 18 27 68]
 [26 21 29 18 32 67]
 [27 21 50 18 13 66]
 [32 21 29 18 26 65]
 [38 21  1 18 55 64]
 [26 21 29 18 32 63]
 [32 21 29 18 26 62]
 [ 0  0  0  0  0  0]
 [ 0  0  0  0  0  0]
 [ 0  0  0  0  0  0]]
Training set shape (9000, 13, 6)
Training Size 9000
Validation Size 1000
Testing Size 10000
-----------------------
Epoch 10
Total Cost: 2.6011604364
Training Accuracy: 1.0
Validation Accuracy: 0.995
-----------------------
-----------------------
Epoch 20
Total Cost: 1.05168721359
Training Accuracy: 1.0
Validation Accuracy: 0.995
-----------------------
-----------------------
Epoch 30
Total Cost: 0.709469509195
Training Accuracy: 1.0
Validation Accuracy: 0.995
-----------------------
-----------------------
Epoch 40
Total Cost: 0.585662454949
Training Accuracy: 1.0
Validation Accuracy: 0.995
-----------------------
-----------------------
Epoch 50
Total Cost: 0.497234436014
Training Accuracy: 1.0
Validation Accuracy: 0.995
-----------------------
-----------------------Started Task: 2
Longest sentence length 7
Longest story length 88
Average story length 16
[[19 11 26 20 27  0 37]
 [15 21 28 26  4  0 36]
 [25 32  2 28 26 17 35]
 [19 30 28 26 13  0 34]
 [ 0  0  0  0  0  0  0]
 [ 0  0  0  0  0  0  0]
 [ 0  0  0  0  0  0  0]
 [ 0  0  0  0  0  0  0]
 [ 0  0  0  0  0  0  0]
 [ 0  0  0  0  0  0  0]
 [ 0  0  0  0  0  0  0]
 [ 0  0  0  0  0  0  0]
 [ 0  0  0  0  0  0  0]
 [ 0  0  0  0  0  0  0]
 [ 0  0  0  0  0  0  0]
 [ 0  0  0  0  0  0  0]
 [ 0  0  0  0  0  0  0]
 [ 0  0  0  0  0  0  0]
 [ 0  0  0  0  0  0  0]
 [ 0  0  0  0  0  0  0]
 [ 0  0  0  0  0  0  0]
 [ 0  0  0  0  0  0  0]
 [ 0  0  0  0  0  0  0]
 [ 0  0  0  0  0  0  0]
 [ 0  0  0  0  0  0  0]
 [ 0  0  0  0  0  0  0]
 [ 0  0  0  0  0  0  0]
 [ 0  0  0  0  0  0  0]
 [ 0  0  0  0  0  0  0]
 [ 0  0  0  0  0  0  0]
 [ 0  0  0  0  0  0  0]
 [ 0  0  0  0  0  0  0]
 [ 0  0  0  0  0  0  0]
 [ 0  0  0  0  0  0  0]
 [ 0  0  0  0  0  0  0]
 [ 0  0  0  0  0  0  0]
 [ 0  0  0  0  0  0  0]
 [ 0  0  0  0  0  0  0]
 [ 0  0  0  0  0  0  0]
 [ 0  0  0  0  0  0  0]
 [ 0  0  0  0  0  0  0]
 [ 0  0  0  0  0  0  0]
 [ 0  0  0  0  0  0  0]
 [ 0  0  0  0  0  0  0]
 [ 0  0  0  0  0  0  0]
 [ 0  0  0  0  0  0  0]
 [ 0  0  0  0  0  0  0]
 [ 0  0  0  0  0  0  0]
 [ 0  0  0  0  0  0  0]
 [ 0  0  0  0  0  0  0]]
Training set shape (9000, 50, 7)
Training Size 9000
Validation Size 1000
Testing Size 1000
-----------------------
Epoch 10
Total Cost: 221.598255835
Training Accuracy: 0.996222222222
Validation Accuracy: 0.985
-----------------------
-----------------------
Epoch 20
Total Cost: 2.00674293039
Training Accuracy: 1.0
Validation Accuracy: 0.994
-----------------------
-----------------------
Epoch 30
Total Cost: 0.903554305434
Training Accuracy: 1.0
Validation Accuracy: 0.993
-----------------------
-----------------------
Epoch 40
Total Cost: 0.667138475546
Training Accuracy: 1.0
Validation Accuracy: 0.993
-----------------------
-----------------------
Epoch 50
Total Cost: 0.526393573018
Training Accuracy: 1.0
Validation Accuracy: 0.993
-----------------------
-----------------------
Epoch 60
Total Cost: 0.472442719722
Training Accuracy: 1.0
Validation Accuracy: 0.993
-----------------------
-----------------------
Epoch 70
Total Cost: 0.430509890881
Training Accuracy: 1.0
Validation Accuracy: 0.993
-----------------------
-----------------------
Epoch 80
Total Cost: 0.402373962585
Training Accuracy: 1.0
Validation Accuracy: 0.993
-----------------------
-----------------------
Epoch 90
Total Cost: 0.38614082268
Training Accuracy: 1.0
Validation Accuracy: 0.993
-----------------------
-----------------------
Epoch 100
Total Cost: 0.371177060661
Training Accuracy: 1.0
Validation Accuracy: 0.993
-----------------------
Testing Accuracy: 0.996
Started Task: 2
Longest sentence length 7
Longest story length 88
Average story length 16
[[19 11 26 20 27  0 37]
 [15 21 28 26  4  0 36]
 [25 32  2 28 26 17 35]
 [19 30 28 26 13  0 34]
 [ 0  0  0  0  0  0  0]
 [ 0  0  0  0  0  0  0]
 [ 0  0  0  0  0  0  0]
 [ 0  0  0  0  0  0  0]
 [ 0  0  0  0  0  0  0]
 [ 0  0  0  0  0  0  0]
 [ 0  0  0  0  0  0  0]
 [ 0  0  0  0  0  0  0]
 [ 0  0  0  0  0  0  0]
 [ 0  0  0  0  0  0  0]
 [ 0  0  0  0  0  0  0]
 [ 0  0  0  0  0  0  0]
 [ 0  0  0  0  0  0  0]
 [ 0  0  0  0  0  0  0]
 [ 0  0  0  0  0  0  0]
 [ 0  0  0  0  0  0  0]
 [ 0  0  0  0  0  0  0]
 [ 0  0  0  0  0  0  0]
 [ 0  0  0  0  0  0  0]
 [ 0  0  0  0  0  0  0]
 [ 0  0  0  0  0  0  0]
 [ 0  0  0  0  0  0  0]
 [ 0  0  0  0  0  0  0]
 [ 0  0  0  0  0  0  0]
 [ 0  0  0  0  0  0  0]
 [ 0  0  0  0  0  0  0]
 [ 0  0  0  0  0  0  0]
 [ 0  0  0  0  0  0  0]
 [ 0  0  0  0  0  0  0]
 [ 0  0  0  0  0  0  0]
 [ 0  0  0  0  0  0  0]
 [ 0  0  0  0  0  0  0]
 [ 0  0  0  0  0  0  0]
 [ 0  0  0  0  0  0  0]
 [ 0  0  0  0  0  0  0]
 [ 0  0  0  0  0  0  0]
 [ 0  0  0  0  0  0  0]
 [ 0  0  0  0  0  0  0]
 [ 0  0  0  0  0  0  0]
 [ 0  0  0  0  0  0  0]
 [ 0  0  0  0  0  0  0]
 [ 0  0  0  0  0  0  0]
 [ 0  0  0  0  0  0  0]
 [ 0  0  0  0  0  0  0]
 [ 0  0  0  0  0  0  0]
 [ 0  0  0  0  0  0  0]]
Training set shape (9000, 50, 7)
Training Size 9000
Validation Size 1000
Testing Size 1000
-----------------------
Epoch 10
Total Cost: 347.260932889
Training Accuracy: 0.993333333333
Validation Accuracy: 0.99
-----------------------
-----------------------
Epoch 20
Total Cost: 410.662574361
Training Accuracy: 0.996
Validation Accuracy: 0.987
-----------------------
-----------------------
Epoch 30
Total Cost: 3.11235398211
Training Accuracy: 1.0
Validation Accuracy: 0.996
-----------------------
-----------------------
Epoch 40
Total Cost: 1.50572995021
Training Accuracy: 1.0
Validation Accuracy: 0.996
-----------------------
-----------------------
Epoch 50
Total Cost: 0.989018230612
Training Accuracy: 1.0
Validation Accuracy: 0.996
-----------------------
-----------------------
Epoch 60
Total Cost: 0.833407735568
Training Accuracy: 1.0
Validation Accuracy: 0.996
-----------------------
-----------------------
Epoch 70
Total Cost: 0.726060221801
Training Accuracy: 1.0
Validation Accuracy: 0.996
-----------------------
-----------------------
Epoch 80
Total Cost: 0.65799942852
Training Accuracy: 1.0
Validation Accuracy: 0.996
-----------------------
-----------------------
Epoch 90
Total Cost: 0.621034674274
Training Accuracy: 1.0
Validation Accuracy: 0.996
-----------------------
-----------------------
Epoch 100
Total Cost: 0.587828039272
Training Accuracy: 1.0
Validation Accuracy: 0.996
-----------------------
Testing Accuracy: 0.997
Started Task: 2
Longest sentence length 7
Longest story length 88
Average story length 16
[[19 11 26 20 27  0 37]
 [15 21 28 26  4  0 36]
 [25 32  2 28 26 17 35]
 [19 30 28 26 13  0 34]
 [ 0  0  0  0  0  0  0]
 [ 0  0  0  0  0  0  0]
 [ 0  0  0  0  0  0  0]
 [ 0  0  0  0  0  0  0]
 [ 0  0  0  0  0  0  0]
 [ 0  0  0  0  0  0  0]
 [ 0  0  0  0  0  0  0]
 [ 0  0  0  0  0  0  0]
 [ 0  0  0  0  0  0  0]
 [ 0  0  0  0  0  0  0]
 [ 0  0  0  0  0  0  0]
 [ 0  0  0  0  0  0  0]
 [ 0  0  0  0  0  0  0]
 [ 0  0  0  0  0  0  0]
 [ 0  0  0  0  0  0  0]
 [ 0  0  0  0  0  0  0]
 [ 0  0  0  0  0  0  0]
 [ 0  0  0  0  0  0  0]
 [ 0  0  0  0  0  0  0]
 [ 0  0  0  0  0  0  0]
 [ 0  0  0  0  0  0  0]
 [ 0  0  0  0  0  0  0]
 [ 0  0  0  0  0  0  0]
 [ 0  0  0  0  0  0  0]
 [ 0  0  0  0  0  0  0]
 [ 0  0  0  0  0  0  0]
 [ 0  0  0  0  0  0  0]
 [ 0  0  0  0  0  0  0]
 [ 0  0  0  0  0  0  0]
 [ 0  0  0  0  0  0  0]
 [ 0  0  0  0  0  0  0]
 [ 0  0  0  0  0  0  0]
 [ 0  0  0  0  0  0  0]
 [ 0  0  0  0  0  0  0]
 [ 0  0  0  0  0  0  0]
 [ 0  0  0  0  0  0  0]
 [ 0  0  0  0  0  0  0]
 [ 0  0  0  0  0  0  0]
 [ 0  0  0  0  0  0  0]
 [ 0  0  0  0  0  0  0]
 [ 0  0  0  0  0  0  0]
 [ 0  0  0  0  0  0  0]
 [ 0  0  0  0  0  0  0]
 [ 0  0  0  0  0  0  0]
 [ 0  0  0  0  0  0  0]
 [ 0  0  0  0  0  0  0]]
Training set shape (9000, 50, 7)
Training Size 9000
Validation Size 1000
Testing Size 1000
-----------------------
Epoch 10
Total Cost: 338.689132507
Training Accuracy: 0.990555555556
Validation Accuracy: 0.981
-----------------------
-----------------------
Epoch 20
Total Cost: 241.964724683
Training Accuracy: 0.992222222222
Validation Accuracy: 0.988
-----------------------
-----------------------
Epoch 30
Total Cost: 2.47856012534
Training Accuracy: 1.0
Validation Accuracy: 0.993
-----------------------
-----------------------
Epoch 40
Total Cost: 0.999486136192
Training Accuracy: 1.0
Validation Accuracy: 0.994
-----------------------
-----------------------
Epoch 50
Total Cost: 0.643727105606
Training Accuracy: 1.0
Validation Accuracy: 0.994
-----------------------
-----------------------
Epoch 60
Total Cost: 0.541692478844
Training Accuracy: 1.0
Validation Accuracy: 0.994
-----------------------
-----------------------
Epoch 70
Total Cost: 0.471269260539
Training Accuracy: 1.0
Validation Accuracy: 0.994
-----------------------
-----------------------
Epoch 80
Total Cost: 0.427621360082
Training Accuracy: 1.0
Validation Accuracy: 0.994
-----------------------
-----------------------
Epoch 90
Total Cost: 0.403732045816
Training Accuracy: 1.0
Validation Accuracy: 0.994
-----------------------
-----------------------
Epoch 100
Total Cost: 0.382258626312
Training Accuracy:
Epoch 60
Total Cost: 0.460386483959
Training Accuracy: 1.0
Validation Accuracy: 0.995
-----------------------
-----------------------
Epoch 70
Total Cost: 0.42992931715
Training Accuracy: 1.0
Validation Accuracy: 0.995
-----------------------
-----------------------
Epoch 80
Total Cost: 0.408705685579
Training Accuracy: 1.0
Validation Accuracy: 0.995
-----------------------
-----------------------
Epoch 90
Total Cost: 0.396191284992
Training Accuracy: 1.0
Validation Accuracy: 0.995
-----------------------
-----------------------
Epoch 100
Total Cost: 0.384258711914
Training Accuracy: 1.0
Validation Accuracy: 0.995
-----------------------
Testing Accuracy: 0.9962
Started Task: 1
Longest sentence length 6
Longest story length 13
Average story length 10
[[26 21 29 18 32 71]
 [32 21 59 18 13 70]
 [32 21 59 18 13 69]
 [13 21 50 18 27 68]
 [26 21 29 18 32 67]
 [27 21 50 18 13 66]
 [32 21 29 18 26 65]
 [38 21  1 18 55 64]
 [26 21 29 18 32 63]
 [32 21 29 18 26 62]
 [ 0  0  0  0  0  0]
 [ 0  0  0  0  0  0]
 [ 0  0  0  0  0  0]]
Training set shape (9000, 13, 6)
Training Size 9000
Validation Size 1000
Testing Size 10000
-----------------------
Epoch 10
Total Cost: 2.81459606043
Training Accuracy: 1.0
Validation Accuracy: 0.998
-----------------------
-----------------------
Epoch 20
Total Cost: 1.08304672607
Training Accuracy: 1.0
Validation Accuracy: 0.997
-----------------------
-----------------------
Epoch 30
Total Cost: 0.721038713295
Training Accuracy: 1.0
Validation Accuracy: 0.996
-----------------------
-----------------------
Epoch 40
Total Cost: 0.591520268994
Training Accuracy: 1.0
Validation Accuracy: 0.996
-----------------------
-----------------------
Epoch 50
Total Cost: 0.500179192633
Training Accuracy: 1.0
Validation Accuracy: 0.996
-----------------------
-----------------------
Epoch 60
Total Cost: 0.462101556303
Training Accuracy: 1.0
Validation Accuracy: 0.996
-----------------------
-----------------------
Epoch 70
Total Cost: 0.430893339362
Training Accuracy: 1.0
Validation Accuracy: 0.996
-----------------------
-----------------------
Epoch 80
Total Cost: 0.40926159278
Training Accuracy: 1.0
Validation Accuracy: 0.996
-----------------------
-----------------------
Epoch 90
Total Cost: 0.396407055377
Training Accuracy: 1.0
Validation Accuracy: 0.996
-----------------------
-----------------------
Epoch 100
Total Cost: 0.384427233075
Training Accuracy: 1.0
Validation Accuracy: 0.996
-----------------------
Testing Accuracy: 0.9955
Started Task: 1
Longest sentence length 6
Longest story length 13
Average story length 10
[[26 21 29 18 32 71]
 [32 21 59 18 13 70]
 [32 21 59 18 13 69]
 [13 21 50 18 27 68]
 [26 21 29 18 32 67]
 [27 21 50 18 13 66]
 [32 21 29 18 26 65]
 [38 21  1 18 55 64]
 [26 21 29 18 32 63]
 [32 21 29 18 26 62]
 [ 0  0  0  0  0  0]
 [ 0  0  0  0  0  0]
 [ 0  0  0  0  0  0]]
Training set shape (9000, 13, 6)
Training Size 9000
Validation Size 1000
Testing Size 10000
-----------------------
Epoch 10
Total Cost: 3.05125447083
Training Accuracy: 1.0
Validation Accuracy: 0.995
-----------------------
-----------------------
Epoch 20
Total Cost: 1.16798651119
Training Accuracy: 1.0
Validation Accuracy: 0.995
-----------------------
-----------------------
Epoch 30
Total Cost: 0.765424349927
Training Accuracy: 1.0
Validation Accuracy: 0.995
-----------------------
-----------------------
Epoch 40
Total Cost: 0.621780501446
Training Accuracy: 1.0
Validation Accuracy: 0.995
-----------------------
-----------------------
Epoch 50
Total Cost: 0.521807930141
Training Accuracy: 1.0
Validation Accuracy: 0.995
-----------------------
-----------------------
Epoch 60
Total Cost: 0.480434245837
Training Accuracy: 1.0
Validation Accuracy: 0.995
-----------------------
-----------------------
Epoch 70
Total Cost: 0.446695435065
Training Accuracy: 1.0
Validation Accuracy: 0.995
-----------------------
-----------------------
Epoch 80
Total Cost: 0.423070102843
Training Accuracy: 1.0
Validation Accuracy: 0.995
-----------------------
-----------------------
Epoch 90
Total Cost: 0.409217938344
Training Accuracy: 1.0
Validation Accuracy: 0.995
-----------------------
-----------------------
Epoch 100
Total Cost: 0.396249934827
Training Accuracy: 1.0
Validation Accuracy: 0.995
-----------------------
Testing Accuracy: 0.993
Started Task: 1
Longest sentence length 6
Longest story length 13
Average story length 10
[[26 21 29 18 32 71]
 [32 21 59 18 13 70]
 [32 21 59 18 13 69]
 [13 21 50 18 27 68]
 [26 21 29 18 32 67]
 [27 21 50 18 13 66]
 [32 21 29 18 26 65]
 [38 21  1 18 55 64]
 [26 21 29 18 32 63]
 [32 21 29 18 26 62]
 [ 0  0  0  0  0  0]
 [ 0  0  0  0  0  0]
 [ 0  0  0  0  0  0]]
Training set shape (9000, 13, 6)
Training Size 9000
Validation Size 1000
Testing Size 10000
-----------------------
Epoch 10
Total Cost: 2.79087941744
Training Accuracy: 1.0
Validation Accuracy: 0.996
-----------------------
-----------------------
Epoch 20
Total Cost: 1.00913360238
Training Accuracy: 1.0
Validation Accuracy: 0.997
-----------------------
-----------------------
Epoch 30
Total Cost: 0.660478185629
Training Accuracy: 1.0
Validation Accuracy: 0.997
-----------------------
-----------------------
Epoch 40
Total Cost: 0.537653924082
Training Accuracy: 1.0
Validation Accuracy: 0.997
-----------------------
-----------------------
Epoch 50
Total Cost: 0.452523410553
Training Accuracy: 1.0
Validation Accuracy: 0.997
-----------------------
-----------------------
Epoch 60
Total Cost: 0.41682911996
Training Accuracy: 1.0
Validation Accuracy: 0.997
-----------------------
-----------------------
Epoch 70
Total Cost: 0.387725074834
Training Accuracy: 1.0
Validation Accuracy: 0.997
-----------------------
-----------------------
Epoch 80
Total Cost: 0.367682910553
Training Accuracy: 1.0
Validation Accuracy: 0.997
-----------------------
-----------------------
Epoch 90
Total Cost: 0.355724006833
Training Accuracy: 1.0
Validation Accuracy: 0.997
-----------------------
-----------------------
Epoch 100
Total Cost: 0.344383250544
Training Accuracy: 1.0
Validation Accuracy: 0.997
-----------------------
Testing Accuracy: 0.9962
 1.0
Validation Accuracy: 0.994
-----------------------
Testing Accuracy: 0.995
Started Task: 2
Longest sentence length 7
Longest story length 88
Average story length 16
[[19 11 26 20 27  0 37]
 [15 21 28 26  4  0 36]
 [25 32  2 28 26 17 35]
 [19 30 28 26 13  0 34]
 [ 0  0  0  0  0  0  0]
 [ 0  0  0  0  0  0  0]
 [ 0  0  0  0  0  0  0]
 [ 0  0  0  0  0  0  0]
 [ 0  0  0  0  0  0  0]
 [ 0  0  0  0  0  0  0]
 [ 0  0  0  0  0  0  0]
 [ 0  0  0  0  0  0  0]
 [ 0  0  0  0  0  0  0]
 [ 0  0  0  0  0  0  0]
 [ 0  0  0  0  0  0  0]
 [ 0  0  0  0  0  0  0]
 [ 0  0  0  0  0  0  0]
 [ 0  0  0  0  0  0  0]
 [ 0  0  0  0  0  0  0]
 [ 0  0  0  0  0  0  0]
 [ 0  0  0  0  0  0  0]
 [ 0  0  0  0  0  0  0]
 [ 0  0  0  0  0  0  0]
 [ 0  0  0  0  0  0  0]
 [ 0  0  0  0  0  0  0]
 [ 0  0  0  0  0  0  0]
 [ 0  0  0  0  0  0  0]
 [ 0  0  0  0  0  0  0]
 [ 0  0  0  0  0  0  0]
 [ 0  0  0  0  0  0  0]
 [ 0  0  0  0  0  0  0]
 [ 0  0  0  0  0  0  0]
 [ 0  0  0  0  0  0  0]
 [ 0  0  0  0  0  0  0]
 [ 0  0  0  0  0  0  0]
 [ 0  0  0  0  0  0  0]
 [ 0  0  0  0  0  0  0]
 [ 0  0  0  0  0  0  0]
 [ 0  0  0  0  0  0  0]
 [ 0  0  0  0  0  0  0]
 [ 0  0  0  0  0  0  0]
 [ 0  0  0  0  0  0  0]
 [ 0  0  0  0  0  0  0]
 [ 0  0  0  0  0  0  0]
 [ 0  0  0  0  0  0  0]
 [ 0  0  0  0  0  0  0]
 [ 0  0  0  0  0  0  0]
 [ 0  0  0  0  0  0  0]
 [ 0  0  0  0  0  0  0]
 [ 0  0  0  0  0  0  0]]
Training set shape (9000, 50, 7)
Training Size 9000
Validation Size 1000
Testing Size 1000
-----------------------
Epoch 10
Total Cost: 464.13998252
Training Accuracy: 0.987666666667
Validation Accuracy: 0.968
-----------------------
-----------------------
Epoch 20
Total Cost: 659.226901917
Training Accuracy: 0.987222222222
Validation Accuracy: 0.979
-----------------------
-----------------------
Epoch 30
Total Cost: 3.78997620556
Training Accuracy: 1.0
Validation Accuracy: 0.993
-----------------------
-----------------------
Epoch 40
Total Cost: 1.44981046344
Training Accuracy: 1.0
Validation Accuracy: 0.993
-----------------------
-----------------------
Epoch 50
Total Cost: 0.89986073396
Training Accuracy: 1.0
Validation Accuracy: 0.993
-----------------------
-----------------------
Epoch 60
Total Cost: 0.747426632603
Training Accuracy: 1.0
Validation Accuracy: 0.993
-----------------------
-----------------------
Epoch 70
Total Cost: 0.645119833862
Training Accuracy: 1.0
Validation Accuracy: 0.993
-----------------------
-----------------------
Epoch 80
Total Cost: 0.582406151414
Training Accuracy: 1.0
Validation Accuracy: 0.993
-----------------------
-----------------------
Epoch 90
Total Cost: 0.548469702102
Training Accuracy: 1.0
Validation Accuracy: 0.993
-----------------------
-----------------------
Epoch 100
Total Cost: 0.518160829379
Training Accuracy: 1.0
Validation Accuracy: 0.993
-----------------------
Testing Accuracy: 0.996
Started Task: 2
Longest sentence length 6
Longest story length 13
Average story length 10
[[38 21 50 18 24 68]
 [46 21 59 18 38 67]
 [42 21 49 18 19 66]
 [19 21 59 18 17 65]
 [42 21  1 18 17 64]
 [17 21 47 18 42 63]
 [17 21 47 18 42 62]
 [ 0  0  0  0  0  0]
 [ 0  0  0  0  0  0]
 [ 0  0  0  0  0  0]
 [ 0  0  0  0  0  0]
 [ 0  0  0  0  0  0]
 [ 0  0  0  0  0  0]]
Training set shape (9000, 13, 6)
Training Size 9000
Validation Size 1000
Testing Size 10000
-----------------------
Epoch 10
Total Cost: 9404.04779434
Training Accuracy: 0.674333333333
Validation Accuracy: 0.556
-----------------------
-----------------------
Epoch 20
Total Cost: 7907.6713829
Training Accuracy: 0.726333333333
Validation Accuracy: 0.572
-----------------------
-----------------------
Epoch 30
Total Cost: 4535.63634086
Training Accuracy: 0.827111111111
Validation Accuracy: 0.59
-----------------------
-----------------------
Epoch 40
Total Cost: 3765.82950735
Training Accuracy: 0.852888888889
Validation Accuracy: 0.597
-----------------------
-----------------------
Epoch 50
Total Cost: 3614.10954952
Training Accuracy: 0.874
Validation Accuracy: 0.576
-----------------------
-----------------------
Epoch 60
Total Cost: 1765.4295249
Training Accuracy: 0.938222222222
Validation Accuracy: 0.567
-----------------------
-----------------------
Epoch 70
Total Cost: 1568.93038201
Training Accuracy: 0.959555555556
Validation Accuracy: 0.566
-----------------------
-----------------------
Epoch 80
Total Cost: 1041.26878345
Training Accuracy: 0.972555555556
Validation Accuracy: 0.577
-----------------------
-----------------------
Epoch 90
Total Cost: 889.527175605
Training Accuracy: 0.979444444444
Validation Accuracy: 0.564
-----------------------
-----------------------
Epoch 100
Total Cost: 790.372494668
Training Accuracy: 0.983
Validation Accuracy: 0.571
-----------------------
Testing Accuracy: 0.5421
Started Task: 2
Longest sentence length 6
Longest story length 13
Average story length 10
[[38 21 50 18 24 68]
 [46 21 59 18 38 67]
 [42 21 49 18 19 66]
 [19 21 59 18 17 65]
 [42 21  1 18 17 64]
 [17 21 47 18 42 63]
 [17 21 47 18 42 62]
 [ 0  0  0  0  0  0]
 [ 0  0  0  0  0  0]
 [ 0  0  0  0  0  0]
 [ 0  0  0  0  0  0]
 [ 0  0  0  0  0  0]
 [ 0  0  0  0  0  0]]
Training set shape (9000, 13, 6)
Training Size 9000
Validation Size 1000
Testing Size 10000
-----------------------
Epoch 10
Total Cost: 9715.58969116
Training Accuracy: 0.664111111111
Validation Accuracy: 0.541
-----------------------
-----------------------
Epoch 20
Total Cost: 7836.29052544
Training Accuracy: 0.656333333333
Validation Accuracy: 0.527
-----------------------
-----------------------
Epoch 30
Total Cost: 4434.81839323
Training Accuracy: 0.846555555556
Validation Accuracy: 0.573
-----------------------
-----------------------
Epoch 40
Total Cost: 3665.87221527
Training Accuracy: 0.874333333333
Validation Accuracy: 0.589
-----------------------
-----------------------
Epoch 50
Total Cost: 3304.42039788
Training Accuracy: 0.884444444444
Validation Accuracy: 0.559
-----------------------
-----------------------
Epoch 60
Total Cost: 1248.62933421
Training Accuracy: 0.969111111111
Validation Accuracy: 0.559
-----------------------
-----------------------
Epoch 70
Total Cost: 1057.42200744
Training Accuracy: 0.976888888889
Validation Accuracy: 0.552
-----------------------
-----------------------
Epoch 80
Total Cost: 496.460467547
Training Accuracy: 0.991888888889
Validation Accuracy: 0.552
-----------------------
-----------------------
Epoch 90
Total Cost: 386.826066509
Training Accuracy: 0.995111111111
Validation Accuracy: 0.56
-----------------------
-----------------------
Epoch 100
Total Cost: 328.751481593
Training Accuracy: 0.997
Validation Accuracy: 0.552
-----------------------
Testing Accuracy: 0.5295
Started Task: 2
Longest sentence length 6
Longest story length 13
Average story length 10
[[38 21 50 18 24 68]
 [46 21 59 18 38 67]
 [42 21 49 18 19 66]
 [19 21 59 18 17 65]
 [42 21  1 18 17 64]
 [17 21 47 18 42 63]
 [17 21 47 18 42 62]
 [ 0  0  0  0  0  0]
 [ 0  0  0  0  0  0]
 [ 0  0  0  0  0  0]
 [ 0  0  0  0  0  0]
 [ 0  0  0  0  0  0]
 [ 0  0  0  0  0  0]]
Training set shape (9000, 13, 6)
Training Size 9000
Validation Size 1000
Testing Size 10000
-----------------------
Epoch 10
Total Cost: 8905.41045856
Training Accuracy: 0.715888888889
Validation Accuracy: 0.619
-----------------------
-----------------------
Epoch 20
Total Cost: 7692.66623116
Training Accuracy: 0.675777777778
Validation Accuracy: 0.507
-----------------------
-----------------------
Epoch 30
Total Cost: 4225.90556812
Training Accuracy: 0.834555555556
Validation Accuracy: 0.613
-----------------------
-----------------------
Epoch 40
Total Cost: 3553.70440722
Training Accuracy: 0.864222222222
Validation Accuracy: 0.575
-----------------------
-----------------------
Epoch 50
Total Cost: 3278.17918658
Training Accuracy: 0.865888888889
Validation Accuracy: 0.556
-----------------------
-----------------------
Epoch 60
Total Cost: 1335.64183557
Training Accuracy: 0.963555555556
Validation Accuracy: 0.592
-----------------------
-----------------------
Epoch 70
Total Cost: 1081.09454006
Training Accuracy: 0.957666666667
Validation Accuracy: 0.607
-----------------------
-----------------------
Epoch 80
Total Cost: 671.532202363
Training Accuracy: 0.988333333333
Validation Accuracy: 0.583
-----------------------
-----------------------
Epoch 90
Total Cost: 556.982918024
Training Accuracy: 0.991555555556
Validation Accuracy: 0.578
-----------------------
-----------------------
Epoch 100
Total Cost: 470.951241434
Training Accuracy: 0.994111111111
Validation Accuracy: 0.579
-----------------------
Testing Accuracy: 0.5591
Started Task: 2
Longest sentence length 6
Longest story length 13
Average story length 10
[[38 21 50 18 24 68]
 [46 21 59 18 38 67]
 [42 21 49 18 19 66]
 [19 21 59 18 17 65]
 [42 21  1 18 17 64]
 [17 21 47 18 42 63]
 [17 21 47 18 42 62]
 [ 0  0  0  0  0  0]
 [ 0  0  0  0  0  0]
 [ 0  0  0  0  0  0]
 [ 0  0  0  0  0  0]
 [ 0  0  0  0  0  0]
 [ 0  0  0  0  0  0]]
Training set shape (9000, 13, 6)
Training Size 9000
Validation Size 1000
Testing Size 10000
-----------------------
Epoch 10
Total Cost: 10121.6955185
Training Accuracy: 0.630222222222
Validation Accuracy: 0.513
-----------------------
-----------------------
Epoch 20
Total Cost: 7976.94308662
Training Accuracy: 0.683222222222
Validation Accuracy: 0.513
-----------------------
-----------------------
Epoch 30
Total Cost: 4276.55619955
Training Accuracy: 0.856444444444
Validation Accuracy: 0.614
-----------------------
-----------------------
Epoch 40
Total Cost: 3118.23378682
Training Accuracy: 0.899333333333
Validation Accuracy: 0.606
-----------------------
-----------------------
Epoch 50
Total Cost: 2940.43967092
Training Accuracy: 0.907888888889
Validation Accuracy: 0.601
-----------------------
-----------------------
Epoch 60
Total Cost: 631.131359756
Training Accuracy: 0.983222222222
Validation Accuracy: 0.587
-----------------------
-----------------------
Epoch 70
Total Cost: 386.921783507
Training Accuracy: 0.996
Validation Accuracy: 0.585
-----------------------
-----------------------
Epoch 80
Total Cost: 188.036956131
Training Accuracy: 0.999111111111
Validation Accuracy: 0.585
-----------------------
-----------------------
Epoch 90
Total Cost: 150.368278235
Training Accuracy: 0.999333333333
Validation Accuracy: 0.585
-----------------------
-----------------------
Epoch 100
Total Cost: 116.799404994
Training Accuracy: 0.999444444444
Validation Accuracy: 0.578
-----------------------
Testing Accuracy: 0.5508
